[0m20:42:45.693550 [debug] [MainThread]: Sending event: {'category': 'dbt', 'action': 'invocation', 'label': 'start', 'context': [<snowplow_tracker.self_describing_json.SelfDescribingJson object at 0x0000020C6BFE6D50>, <snowplow_tracker.self_describing_json.SelfDescribingJson object at 0x0000020C705DF350>, <snowplow_tracker.self_describing_json.SelfDescribingJson object at 0x0000020C705E7F10>]}


============================== 20:42:45.701059 | b9812372-bc4c-4e1c-878a-d9bc237539e4 ==============================
[0m20:42:45.701059 [info ] [MainThread]: Running with dbt=1.10.6
[0m20:42:45.701059 [debug] [MainThread]: running dbt with arguments {'printer_width': '80', 'indirect_selection': 'eager', 'write_json': 'True', 'log_cache_events': 'False', 'partial_parse': 'True', 'cache_selected_only': 'False', 'warn_error': 'None', 'debug': 'False', 'fail_fast': 'False', 'log_path': 'logs', 'version_check': 'True', 'profiles_dir': 'C:\\Users\\HUGaldaD\\.dbt', 'use_colors': 'True', 'use_experimental_parser': 'False', 'empty': 'None', 'quiet': 'False', 'no_print': 'None', 'warn_error_options': 'WarnErrorOptionsV2(error=[], warn=[], silence=[])', 'static_parser': 'True', 'introspect': 'True', 'log_format': 'default', 'target_path': 'None', 'invocation_command': 'dbt init superstore_dbt', 'send_anonymous_usage_stats': 'True'}
[0m20:42:45.720747 [info ] [MainThread]: Creating dbt configuration folder at C:\Users\HUGaldaD\.dbt
[0m20:42:45.725770 [debug] [MainThread]: Starter project path: C:\Users\HUGaldaD\superstore_practice\superstore_env\Lib\site-packages\dbt\include\starter_project
[0m20:42:45.765436 [info ] [MainThread]: 
Your new dbt project "superstore_dbt" was created!

For more information on how to configure the profiles.yml file,
please consult the dbt documentation here:

  https://docs.getdbt.com/docs/configure-your-profile

One more thing:

Need help? Don't hesitate to reach out to us via GitHub issues or on Slack:

  https://community.getdbt.com/

Happy modeling!

[0m20:42:45.765436 [info ] [MainThread]: Setting up your profile.
[0m20:51:42.206654 [info ] [MainThread]: Profile superstore_dbt written to C:\Users\HUGaldaD\.dbt\profiles.yml using target's profile_template.yml and your supplied values. Run 'dbt debug' to validate the connection.
[0m20:51:42.206654 [debug] [MainThread]: Command `dbt init` succeeded at 20:51:42.206654 after 536.62 seconds
[0m20:51:42.206654 [debug] [MainThread]: Sending event: {'category': 'dbt', 'action': 'invocation', 'label': 'end', 'context': [<snowplow_tracker.self_describing_json.SelfDescribingJson object at 0x0000020C68B93690>, <snowplow_tracker.self_describing_json.SelfDescribingJson object at 0x0000020C6F5BFB90>, <snowplow_tracker.self_describing_json.SelfDescribingJson object at 0x0000020C6F5BFF50>]}
[0m20:51:42.222226 [debug] [MainThread]: Flushing usage events
[0m20:51:42.700925 [debug] [MainThread]: An error was encountered while trying to flush usage events
[0m20:51:51.827383 [debug] [MainThread]: Sending event: {'category': 'dbt', 'action': 'invocation', 'label': 'start', 'context': [<snowplow_tracker.self_describing_json.SelfDescribingJson object at 0x00000223EC3E03D0>, <snowplow_tracker.self_describing_json.SelfDescribingJson object at 0x00000223E8D7AC50>, <snowplow_tracker.self_describing_json.SelfDescribingJson object at 0x00000223EC39DA50>]}


============================== 20:51:51.827383 | 8f7d7a3c-3f26-4f70-be9a-19515d071e33 ==============================
[0m20:51:51.827383 [info ] [MainThread]: Running with dbt=1.10.6
[0m20:51:51.827383 [debug] [MainThread]: running dbt with arguments {'printer_width': '80', 'indirect_selection': 'eager', 'log_cache_events': 'False', 'write_json': 'True', 'partial_parse': 'True', 'cache_selected_only': 'False', 'profiles_dir': 'C:\\Users\\HUGaldaD\\.dbt', 'fail_fast': 'False', 'version_check': 'True', 'log_path': 'logs', 'warn_error': 'None', 'debug': 'False', 'use_colors': 'True', 'use_experimental_parser': 'False', 'no_print': 'None', 'quiet': 'False', 'empty': 'None', 'log_format': 'default', 'static_parser': 'True', 'introspect': 'True', 'invocation_command': 'dbt debug', 'target_path': 'None', 'warn_error_options': 'WarnErrorOptionsV2(error=[], warn=[], silence=[])', 'send_anonymous_usage_stats': 'True'}
[0m20:51:51.849426 [info ] [MainThread]: dbt version: 1.10.6
[0m20:51:51.849426 [info ] [MainThread]: python version: 3.11.9
[0m20:51:51.852741 [info ] [MainThread]: python path: C:\Users\HUGaldaD\superstore_practice\superstore_env\Scripts\python.exe
[0m20:51:51.853783 [info ] [MainThread]: os info: Windows-10-10.0.22631-SP0
[0m20:51:51.920287 [info ] [MainThread]: Using profiles dir at C:\Users\HUGaldaD\.dbt
[0m20:51:51.921635 [info ] [MainThread]: Using profiles.yml file at C:\Users\HUGaldaD\.dbt\profiles.yml
[0m20:51:51.921723 [info ] [MainThread]: Using dbt_project.yml file at C:\Users\HUGaldaD\superstore_practice\dbt_project.yml
[0m20:51:51.923723 [info ] [MainThread]: adapter type: postgres
[0m20:51:51.923723 [info ] [MainThread]: adapter version: 1.9.0
[0m20:51:51.924735 [info ] [MainThread]: Configuration:
[0m20:51:51.924735 [info ] [MainThread]:   profiles.yml file [[32mOK found and valid[0m]
[0m20:51:51.925724 [info ] [MainThread]:   dbt_project.yml file [[31mERROR not found[0m]
[0m20:51:51.926725 [info ] [MainThread]: Required dependencies:
[0m20:51:51.927726 [debug] [MainThread]: Executing "git --help"
[0m20:51:52.009117 [debug] [MainThread]: STDOUT: "b"usage: git [-v | --version] [-h | --help] [-C <path>] [-c <name>=<value>]\n           [--exec-path[=<path>]] [--html-path] [--man-path] [--info-path]\n           [-p | --paginate | -P | --no-pager] [--no-replace-objects] [--no-lazy-fetch]\n           [--no-optional-locks] [--no-advice] [--bare] [--git-dir=<path>]\n           [--work-tree=<path>] [--namespace=<name>] [--config-env=<name>=<envvar>]\n           <command> [<args>]\n\nThese are common Git commands used in various situations:\n\nstart a working area (see also: git help tutorial)\n   clone      Clone a repository into a new directory\n   init       Create an empty Git repository or reinitialize an existing one\n\nwork on the current change (see also: git help everyday)\n   add        Add file contents to the index\n   mv         Move or rename a file, a directory, or a symlink\n   restore    Restore working tree files\n   rm         Remove files from the working tree and from the index\n\nexamine the history and state (see also: git help revisions)\n   bisect     Use binary search to find the commit that introduced a bug\n   diff       Show changes between commits, commit and working tree, etc\n   grep       Print lines matching a pattern\n   log        Show commit logs\n   show       Show various types of objects\n   status     Show the working tree status\n\ngrow, mark and tweak your common history\n   backfill   Download missing objects in a partial clone\n   branch     List, create, or delete branches\n   commit     Record changes to the repository\n   merge      Join two or more development histories together\n   rebase     Reapply commits on top of another base tip\n   reset      Reset current HEAD to the specified state\n   switch     Switch branches\n   tag        Create, list, delete or verify a tag object signed with GPG\n\ncollaborate (see also: git help workflows)\n   fetch      Download objects and refs from another repository\n   pull       Fetch from and integrate with another repository or a local branch\n   push       Update remote refs along with associated objects\n\n'git help -a' and 'git help -g' list available subcommands and some\nconcept guides. See 'git help <command>' or 'git help <concept>'\nto read about a specific subcommand or concept.\nSee 'git help git' for an overview of the system.\n""
[0m20:51:52.009117 [debug] [MainThread]: STDERR: "b''"
[0m20:51:52.010116 [info ] [MainThread]:  - git [[32mOK found[0m]

[0m20:51:52.010116 [info ] [MainThread]: Connection:
[0m20:51:52.011685 [info ] [MainThread]:   host: localhost
[0m20:51:52.012696 [info ] [MainThread]:   port: 5432
[0m20:51:52.012696 [info ] [MainThread]:   user: postgres
[0m20:51:52.013692 [info ] [MainThread]:   database: superstore
[0m20:51:52.014691 [info ] [MainThread]:   schema: dbt
[0m20:51:52.014691 [info ] [MainThread]:   connect_timeout: 10
[0m20:51:52.015692 [info ] [MainThread]:   role: None
[0m20:51:52.015692 [info ] [MainThread]:   search_path: None
[0m20:51:52.016691 [info ] [MainThread]:   keepalives_idle: 0
[0m20:51:52.017836 [info ] [MainThread]:   sslmode: None
[0m20:51:52.017836 [info ] [MainThread]:   sslcert: None
[0m20:51:52.018832 [info ] [MainThread]:   sslkey: None
[0m20:51:52.018832 [info ] [MainThread]:   sslrootcert: None
[0m20:51:52.020449 [info ] [MainThread]:   application_name: dbt
[0m20:51:52.020449 [info ] [MainThread]:   retries: 1
[0m20:51:52.020449 [info ] [MainThread]: Registered adapter: postgres=1.9.0
[0m20:51:52.230199 [debug] [MainThread]: Acquiring new postgres connection 'debug'
[0m20:51:52.337163 [debug] [MainThread]: Using postgres connection "debug"
[0m20:51:52.337163 [debug] [MainThread]: On debug: select 1 as id
[0m20:51:52.338290 [debug] [MainThread]: Opening a new connection, currently in state init
[0m20:51:52.393056 [debug] [MainThread]: SQL status: SELECT 1 in 0.063 seconds
[0m20:51:52.393056 [debug] [MainThread]: On debug: Close
[0m20:51:52.393056 [info ] [MainThread]:   Connection test: [[32mOK connection ok[0m]

[0m20:51:52.393056 [info ] [MainThread]: [31m1 check failed:[0m
[0m20:51:52.393056 [info ] [MainThread]: Project loading failed for the following reason:
 project path <C:\Users\HUGaldaD\superstore_practice\dbt_project.yml> not found

[0m20:51:52.393056 [debug] [MainThread]: Command `dbt debug` failed at 20:51:52.393056 after 0.69 seconds
[0m20:51:52.393056 [debug] [MainThread]: Connection 'debug' was properly closed.
[0m20:51:52.393056 [debug] [MainThread]: Sending event: {'category': 'dbt', 'action': 'invocation', 'label': 'end', 'context': [<snowplow_tracker.self_describing_json.SelfDescribingJson object at 0x00000223EC3B2E90>, <snowplow_tracker.self_describing_json.SelfDescribingJson object at 0x00000223EC3B33D0>, <snowplow_tracker.self_describing_json.SelfDescribingJson object at 0x00000223ED69D850>]}
[0m20:51:52.408691 [debug] [MainThread]: Flushing usage events
[0m20:51:52.850185 [debug] [MainThread]: An error was encountered while trying to flush usage events
